<?xml version="1.0" encoding="UTF-8"?>
<robot generator="Robot 4.1.3 (Python 3.7.1 on win32)" generated="20220404 16:54:45.361" rpa="false" schemaversion="2">
<suite id="s1" name="Tests" source="C:\developpement\mon_api\tests">
<suite id="s1-s1" name="Api" source="C:\developpement\mon_api\tests\api.robot">
<test id="s1-s1-t1" name="Inscrire un user dans la BD">
<kw name="Verifier l'exitance de l'utilisateur" library="signupBack">
<kw name="Connect To Database Using Custom Params" library="DatabaseLibrary">
<arg>pymysql</arg>
<arg>database='demo', user='root', password='', host='localhost'</arg>
<doc>Loads the DB API 2.0 module given `dbapiModuleName` then uses it to
connect to the database using the map string `db_custom_param_string`.</doc>
<msg timestamp="20220404 16:54:45.582" level="INFO">Executing : Connect To Database Using Custom Params : pymysql.connect(db_api_2.connect(database='demo', user='root', password='', host='localhost')) </msg>
<status status="PASS" starttime="20220404 16:54:45.558" endtime="20220404 16:54:45.588"/>
</kw>
<kw name="Row Count Is 0" library="DatabaseLibrary">
<arg>select id from users where username = '${USERNAME}' and password = md5('${PASSWORD}')</arg>
<doc>Check if any rows are returned from the submitted `selectStatement`. If there are, then this will throw an
AssertionError. Set optional input `sansTran` to True to run command without an explicit transaction commit or
rollback.</doc>
<msg timestamp="20220404 16:54:45.589" level="INFO">Executing : Row Count Is 0  |  select id from users where username = 'Tryy' and password = md5('Try!2001') </msg>
<msg timestamp="20220404 16:54:45.589" level="INFO">Executing : Row Count  |  select id from users where username = 'Tryy' and password = md5('Try!2001') </msg>
<status status="PASS" starttime="20220404 16:54:45.588" endtime="20220404 16:54:45.590"/>
</kw>
<status status="PASS" starttime="20220404 16:54:45.557" endtime="20220404 16:54:45.590"/>
</kw>
<kw name="Inscription user par une requete Http POST" library="signupBack">
<kw name="Create Session" library="RequestsLibrary">
<arg>session1</arg>
<arg>${WEBSITE_LINK}</arg>
<doc>Create Session: create a HTTP session to a server</doc>
<msg timestamp="20220404 16:54:45.591" level="INFO">Creating Session using : alias=session1, url=http://localhost/demo/api/user, headers={},                     cookies={}, auth=None, timeout=None, proxies=None, verify=False,                     debug=0 </msg>
<status status="PASS" starttime="20220404 16:54:45.591" endtime="20220404 16:54:45.591"/>
</kw>
<kw name="Create Dictionary" library="BuiltIn">
<var>${data}</var>
<arg>username=${USERNAME}</arg>
<arg>password=${PASSWORD}</arg>
<doc>Creates and returns a dictionary based on the given ``items``.</doc>
<msg timestamp="20220404 16:54:45.592" level="INFO">${data} = {'username': 'Tryy', 'password': 'Try!2001'}</msg>
<status status="PASS" starttime="20220404 16:54:45.592" endtime="20220404 16:54:45.592"/>
</kw>
<kw name="Create Dictionary" library="BuiltIn">
<var>${headers}</var>
<arg>Content-Type=application/x-vvv-form-urlenooded</arg>
<doc>Creates and returns a dictionary based on the given ``items``.</doc>
<msg timestamp="20220404 16:54:45.592" level="INFO">${headers} = {'Content-Type': 'application/x-vvv-form-urlenooded'}</msg>
<status status="PASS" starttime="20220404 16:54:45.592" endtime="20220404 16:54:45.592"/>
</kw>
<kw name="POST On Session" library="RequestsLibrary">
<var>${response}</var>
<arg>session1</arg>
<arg>signup.php</arg>
<arg>data=${data}</arg>
<doc>Sends a POST request on a previously created HTTP Session.</doc>
<msg timestamp="20220404 16:54:45.630" level="INFO">POST Request : url=http://localhost/demo/api/user/signup.php 
 path_url=/demo/api/user/signup.php 
 headers={'User-Agent': 'python-requests/2.27.1', 'Accept-Encoding': 'gzip, deflate', 'Accept': '*/*', 'Connection': 'keep-alive', 'Content-Length': '33', 'Content-Type': 'application/x-www-form-urlencoded'} 
 body=username=Tryy&amp;password=Try%212001 
 </msg>
<msg timestamp="20220404 16:54:45.630" level="INFO">POST Response : url=http://localhost/demo/api/user/signup.php 
 status=200, reason=OK 
 headers={'Date': 'Mon, 04 Apr 2022 16:54:45 GMT', 'Server': 'Apache/2.4.52 (Win64) OpenSSL/1.1.1m PHP/8.1.4', 'X-Powered-By': 'PHP/8.1.4', 'Content-Length': '76', 'Keep-Alive': 'timeout=5, max=100', 'Connection': 'Keep-Alive', 'Content-Type': 'text/html; charset=UTF-8'} 
 body={"status":true,"message":"Successfully Signup!","id":"59","username":"Tryy"} 
 </msg>
<msg timestamp="20220404 16:54:45.630" level="INFO">${response} = &lt;Response [200]&gt;</msg>
<status status="PASS" starttime="20220404 16:54:45.592" endtime="20220404 16:54:45.630"/>
</kw>
<kw name="Set Variable" library="BuiltIn">
<var>${json}</var>
<arg>${response.json()}</arg>
<doc>Returns the given values which can then be assigned to a variables.</doc>
<msg timestamp="20220404 16:54:45.631" level="INFO">${json} = {'status': True, 'message': 'Successfully Signup!', 'id': '59', 'username': 'Tryy'}</msg>
<status status="PASS" starttime="20220404 16:54:45.630" endtime="20220404 16:54:45.631"/>
</kw>
<kw name="Log" library="BuiltIn">
<arg>${json}</arg>
<doc>Logs the given message with the given level.</doc>
<msg timestamp="20220404 16:54:45.631" level="INFO">{'status': True, 'message': 'Successfully Signup!', 'id': '59', 'username': 'Tryy'}</msg>
<status status="PASS" starttime="20220404 16:54:45.631" endtime="20220404 16:54:45.631"/>
</kw>
<kw name="Should Be Equal As Strings" library="BuiltIn">
<arg>${response.status_code}</arg>
<arg>200</arg>
<doc>Fails if objects are unequal after converting them to strings.</doc>
<msg timestamp="20220404 16:54:45.632" level="INFO">Argument types are:
&lt;class 'int'&gt;
&lt;type 'unicode'&gt;</msg>
<status status="PASS" starttime="20220404 16:54:45.631" endtime="20220404 16:54:45.632"/>
</kw>
<status status="PASS" starttime="20220404 16:54:45.591" endtime="20220404 16:54:45.632"/>
</kw>
<kw name="Verifier que l'utilisateur es ajoué dans la bd" library="signupBack">
<kw name="Connect To Database Using Custom Params" library="DatabaseLibrary">
<arg>pymysql</arg>
<arg>database='demo', user='root', password='', host='localhost'</arg>
<doc>Loads the DB API 2.0 module given `dbapiModuleName` then uses it to
connect to the database using the map string `db_custom_param_string`.</doc>
<msg timestamp="20220404 16:54:45.633" level="INFO">Executing : Connect To Database Using Custom Params : pymysql.connect(db_api_2.connect(database='demo', user='root', password='', host='localhost')) </msg>
<status status="PASS" starttime="20220404 16:54:45.633" endtime="20220404 16:54:45.636"/>
</kw>
<kw name="Row Count Is Equal To X" library="DatabaseLibrary">
<arg>select id from users where username = '${USERNAME}' and password = md5('${PASSWORD}')</arg>
<arg>1</arg>
<doc>Check if the number of rows returned from `selectStatement` is equal to the value submitted. If not, then this
will throw an AssertionError. Set optional input `sansTran` to True to run command without an explicit
transaction commit or rollback.</doc>
<msg timestamp="20220404 16:54:45.636" level="INFO">Executing : Row Count Is Equal To X  |  select id from users where username = 'Tryy' and password = md5('Try!2001')  |  1 </msg>
<msg timestamp="20220404 16:54:45.637" level="INFO">Executing : Row Count  |  select id from users where username = 'Tryy' and password = md5('Try!2001') </msg>
<status status="PASS" starttime="20220404 16:54:45.636" endtime="20220404 16:54:45.638"/>
</kw>
<status status="PASS" starttime="20220404 16:54:45.633" endtime="20220404 16:54:45.638"/>
</kw>
<tag>First</tag>
<status status="PASS" starttime="20220404 16:54:45.557" endtime="20220404 16:54:45.639"/>
</test>
<test id="s1-s1-t2" name="Inscrire le meme user">
<kw name="Inscription meme user par une requete Http POST" library="signupBack">
<kw name="Create Session" library="RequestsLibrary">
<arg>session2</arg>
<arg>${WEBSITE_LINK}</arg>
<doc>Create Session: create a HTTP session to a server</doc>
<msg timestamp="20220404 16:54:45.643" level="INFO">Creating Session using : alias=session2, url=http://localhost/demo/api/user, headers={},                     cookies={}, auth=None, timeout=None, proxies=None, verify=False,                     debug=0 </msg>
<status status="PASS" starttime="20220404 16:54:45.642" endtime="20220404 16:54:45.643"/>
</kw>
<kw name="Create Dictionary" library="BuiltIn">
<var>${data}</var>
<arg>username=${USERNAME}</arg>
<arg>password=${PASSWORD}</arg>
<doc>Creates and returns a dictionary based on the given ``items``.</doc>
<msg timestamp="20220404 16:54:45.643" level="INFO">${data} = {'username': 'Tryy', 'password': 'Try!2001'}</msg>
<status status="PASS" starttime="20220404 16:54:45.643" endtime="20220404 16:54:45.644"/>
</kw>
<kw name="Create Dictionary" library="BuiltIn">
<var>${headers}</var>
<arg>Content-Type=application/x-vvv-form-urlenooded</arg>
<doc>Creates and returns a dictionary based on the given ``items``.</doc>
<msg timestamp="20220404 16:54:45.644" level="INFO">${headers} = {'Content-Type': 'application/x-vvv-form-urlenooded'}</msg>
<status status="PASS" starttime="20220404 16:54:45.644" endtime="20220404 16:54:45.644"/>
</kw>
<kw name="POST On Session" library="RequestsLibrary">
<var>${response}</var>
<arg>session2</arg>
<arg>signup.php</arg>
<arg>data=${data}</arg>
<doc>Sends a POST request on a previously created HTTP Session.</doc>
<msg timestamp="20220404 16:54:45.652" level="INFO">POST Request : url=http://localhost/demo/api/user/signup.php 
 path_url=/demo/api/user/signup.php 
 headers={'User-Agent': 'python-requests/2.27.1', 'Accept-Encoding': 'gzip, deflate', 'Accept': '*/*', 'Connection': 'keep-alive', 'Content-Length': '33', 'Content-Type': 'application/x-www-form-urlencoded'} 
 body=username=Tryy&amp;password=Try%212001 
 </msg>
<msg timestamp="20220404 16:54:45.652" level="INFO">POST Response : url=http://localhost/demo/api/user/signup.php 
 status=200, reason=OK 
 headers={'Date': 'Mon, 04 Apr 2022 16:54:45 GMT', 'Server': 'Apache/2.4.52 (Win64) OpenSSL/1.1.1m PHP/8.1.4', 'X-Powered-By': 'PHP/8.1.4', 'Content-Length': '53', 'Keep-Alive': 'timeout=5, max=100', 'Connection': 'Keep-Alive', 'Content-Type': 'text/html; charset=UTF-8'} 
 body={"status":false,"message":"Username already exists!"} 
 </msg>
<msg timestamp="20220404 16:54:45.652" level="INFO">${response} = &lt;Response [200]&gt;</msg>
<status status="PASS" starttime="20220404 16:54:45.644" endtime="20220404 16:54:45.652"/>
</kw>
<kw name="Set Variable" library="BuiltIn">
<var>${json}</var>
<arg>${response.json()}</arg>
<doc>Returns the given values which can then be assigned to a variables.</doc>
<msg timestamp="20220404 16:54:45.652" level="INFO">${json} = {'status': False, 'message': 'Username already exists!'}</msg>
<status status="PASS" starttime="20220404 16:54:45.652" endtime="20220404 16:54:45.652"/>
</kw>
<kw name="Should Be Equal As Strings" library="BuiltIn">
<arg>${response.status_code}</arg>
<arg>200</arg>
<doc>Fails if objects are unequal after converting them to strings.</doc>
<msg timestamp="20220404 16:54:45.653" level="INFO">Argument types are:
&lt;class 'int'&gt;
&lt;type 'unicode'&gt;</msg>
<status status="PASS" starttime="20220404 16:54:45.653" endtime="20220404 16:54:45.653"/>
</kw>
<kw name="Should Be Equal As Strings" library="BuiltIn">
<arg>${json['message']}</arg>
<arg>Username already exists!</arg>
<doc>Fails if objects are unequal after converting them to strings.</doc>
<status status="PASS" starttime="20220404 16:54:45.653" endtime="20220404 16:54:45.654"/>
</kw>
<status status="PASS" starttime="20220404 16:54:45.642" endtime="20220404 16:54:45.654"/>
</kw>
<kw name="Verifier que user n'est pas dupliqué" library="signupBack">
<kw name="Connect To Database Using Custom Params" library="DatabaseLibrary">
<arg>pymysql</arg>
<arg>database='demo', user='root', password='', host='localhost'</arg>
<doc>Loads the DB API 2.0 module given `dbapiModuleName` then uses it to
connect to the database using the map string `db_custom_param_string`.</doc>
<msg timestamp="20220404 16:54:45.655" level="INFO">Executing : Connect To Database Using Custom Params : pymysql.connect(db_api_2.connect(database='demo', user='root', password='', host='localhost')) </msg>
<status status="PASS" starttime="20220404 16:54:45.655" endtime="20220404 16:54:45.671"/>
</kw>
<kw name="Row Count Is Equal To X" library="DatabaseLibrary">
<arg>select id from users where username = '${USERNAME}' and password = md5('${PASSWORD}')</arg>
<arg>1</arg>
<doc>Check if the number of rows returned from `selectStatement` is equal to the value submitted. If not, then this
will throw an AssertionError. Set optional input `sansTran` to True to run command without an explicit
transaction commit or rollback.</doc>
<msg timestamp="20220404 16:54:45.672" level="INFO">Executing : Row Count Is Equal To X  |  select id from users where username = 'Tryy' and password = md5('Try!2001')  |  1 </msg>
<msg timestamp="20220404 16:54:45.672" level="INFO">Executing : Row Count  |  select id from users where username = 'Tryy' and password = md5('Try!2001') </msg>
<status status="PASS" starttime="20220404 16:54:45.672" endtime="20220404 16:54:45.673"/>
</kw>
<status status="PASS" starttime="20220404 16:54:45.654" endtime="20220404 16:54:45.674"/>
</kw>
<tag>Second</tag>
<status status="PASS" starttime="20220404 16:54:45.641" endtime="20220404 16:54:45.675"/>
</test>
<test id="s1-s1-t3" name="Authentifier user">
<kw name="Verifier que user existe" library="loginBack">
<kw name="Connect To Database Using Custom Params" library="DatabaseLibrary">
<arg>pymysql</arg>
<arg>database='demo', user='root', password='', host='localhost'</arg>
<doc>Loads the DB API 2.0 module given `dbapiModuleName` then uses it to
connect to the database using the map string `db_custom_param_string`.</doc>
<msg timestamp="20220404 16:54:45.678" level="INFO">Executing : Connect To Database Using Custom Params : pymysql.connect(db_api_2.connect(database='demo', user='root', password='', host='localhost')) </msg>
<status status="PASS" starttime="20220404 16:54:45.678" endtime="20220404 16:54:45.680"/>
</kw>
<kw name="Row Count Is Equal To X" library="DatabaseLibrary">
<arg>select id from users where username = '${USERNAME}' and password = md5('${PASSWORD}')</arg>
<arg>1</arg>
<doc>Check if the number of rows returned from `selectStatement` is equal to the value submitted. If not, then this
will throw an AssertionError. Set optional input `sansTran` to True to run command without an explicit
transaction commit or rollback.</doc>
<msg timestamp="20220404 16:54:45.681" level="INFO">Executing : Row Count Is Equal To X  |  select id from users where username = 'Tryy' and password = md5('Try!2001')  |  1 </msg>
<msg timestamp="20220404 16:54:45.681" level="INFO">Executing : Row Count  |  select id from users where username = 'Tryy' and password = md5('Try!2001') </msg>
<status status="PASS" starttime="20220404 16:54:45.680" endtime="20220404 16:54:45.682"/>
</kw>
<status status="PASS" starttime="20220404 16:54:45.677" endtime="20220404 16:54:45.682"/>
</kw>
<kw name="Authentifier user" library="loginBack">
<kw name="Create Session" library="RequestsLibrary">
<arg>session3</arg>
<arg>${WEBSITE_LINK}</arg>
<doc>Create Session: create a HTTP session to a server</doc>
<msg timestamp="20220404 16:54:45.683" level="INFO">Creating Session using : alias=session3, url=http://localhost/demo/api/user, headers={},                     cookies={}, auth=None, timeout=None, proxies=None, verify=False,                     debug=0 </msg>
<status status="PASS" starttime="20220404 16:54:45.682" endtime="20220404 16:54:45.683"/>
</kw>
<kw name="GET On Session" library="RequestsLibrary">
<var>${response}</var>
<arg>session3</arg>
<arg>url=login.php?username=${USERNAME}&amp;password=${PASSWORD}</arg>
<doc>Sends a GET request on a previously created HTTP Session.</doc>
<msg timestamp="20220404 16:54:45.692" level="INFO">GET Request : url=http://localhost/demo/api/user/login.php?username=Tryy&amp;password=Try!2001 
 path_url=/demo/api/user/login.php?username=Tryy&amp;password=Try!2001 
 headers={'User-Agent': 'python-requests/2.27.1', 'Accept-Encoding': 'gzip, deflate', 'Accept': '*/*', 'Connection': 'keep-alive'} 
 body=None 
 </msg>
<msg timestamp="20220404 16:54:45.692" level="INFO">GET Response : url=http://localhost/demo/api/user/login.php?username=Tryy&amp;password=Try!2001 
 status=200, reason=OK 
 headers={'Date': 'Mon, 04 Apr 2022 16:54:45 GMT', 'Server': 'Apache/2.4.52 (Win64) OpenSSL/1.1.1m PHP/8.1.4', 'X-Powered-By': 'PHP/8.1.4', 'Content-Length': '73', 'Keep-Alive': 'timeout=5, max=100', 'Connection': 'Keep-Alive', 'Content-Type': 'text/html; charset=UTF-8'} 
 body={"status":true,"message":"Successfully Login!","id":59,"username":"Tryy"} 
 </msg>
<msg timestamp="20220404 16:54:45.692" level="INFO">${response} = &lt;Response [200]&gt;</msg>
<status status="PASS" starttime="20220404 16:54:45.683" endtime="20220404 16:54:45.692"/>
</kw>
<kw name="Set Variable" library="BuiltIn">
<var>${json}</var>
<arg>${response.json()}</arg>
<doc>Returns the given values which can then be assigned to a variables.</doc>
<msg timestamp="20220404 16:54:45.693" level="INFO">${json} = {'status': True, 'message': 'Successfully Login!', 'id': 59, 'username': 'Tryy'}</msg>
<status status="PASS" starttime="20220404 16:54:45.692" endtime="20220404 16:54:45.693"/>
</kw>
<kw name="Log" library="BuiltIn">
<arg>${json}</arg>
<doc>Logs the given message with the given level.</doc>
<msg timestamp="20220404 16:54:45.693" level="INFO">{'status': True, 'message': 'Successfully Login!', 'id': 59, 'username': 'Tryy'}</msg>
<status status="PASS" starttime="20220404 16:54:45.693" endtime="20220404 16:54:45.693"/>
</kw>
<kw name="Should Be Equal As Strings" library="BuiltIn">
<arg>${response.status_code}</arg>
<arg>200</arg>
<doc>Fails if objects are unequal after converting them to strings.</doc>
<msg timestamp="20220404 16:54:45.694" level="INFO">Argument types are:
&lt;class 'int'&gt;
&lt;type 'unicode'&gt;</msg>
<status status="PASS" starttime="20220404 16:54:45.694" endtime="20220404 16:54:45.694"/>
</kw>
<kw name="Should Be Equal As Strings" library="BuiltIn">
<arg>${json['message']}</arg>
<arg>Successfully Login!</arg>
<doc>Fails if objects are unequal after converting them to strings.</doc>
<status status="PASS" starttime="20220404 16:54:45.694" endtime="20220404 16:54:45.695"/>
</kw>
<status status="PASS" starttime="20220404 16:54:45.682" endtime="20220404 16:54:45.695"/>
</kw>
<tag>Third</tag>
<status status="PASS" starttime="20220404 16:54:45.677" endtime="20220404 16:54:45.696"/>
</test>
<test id="s1-s1-t4" name="Suprimer user">
<kw name="Supprimer user" library="loginBack">
<kw name="Connect To Database Using Custom Params" library="DatabaseLibrary">
<arg>pymysql</arg>
<arg>database='demo', user='root', password='', host='localhost'</arg>
<doc>Loads the DB API 2.0 module given `dbapiModuleName` then uses it to
connect to the database using the map string `db_custom_param_string`.</doc>
<msg timestamp="20220404 16:54:45.699" level="INFO">Executing : Connect To Database Using Custom Params : pymysql.connect(db_api_2.connect(database='demo', user='root', password='', host='localhost')) </msg>
<status status="PASS" starttime="20220404 16:54:45.699" endtime="20220404 16:54:45.701"/>
</kw>
<kw name="Execute Sql String" library="DatabaseLibrary">
<arg>DELETE FROM users WHERE username = '${USERNAME}' and password = md5('${PASSWORD}')</arg>
<doc>Executes the sqlString as SQL commands. Useful to pass arguments to your sql. Set optional input `sansTran` to
True to run command without an explicit transaction commit or rollback.</doc>
<msg timestamp="20220404 16:54:45.701" level="INFO">Executing : Execute SQL String  |  DELETE FROM users WHERE username = 'Tryy' and password = md5('Try!2001') </msg>
<status status="PASS" starttime="20220404 16:54:45.701" endtime="20220404 16:54:45.704"/>
</kw>
<kw name="Disconnect From Database" library="DatabaseLibrary">
<doc>Disconnects from the database.</doc>
<msg timestamp="20220404 16:54:45.704" level="INFO">Executing : Disconnect From Database</msg>
<status status="PASS" starttime="20220404 16:54:45.704" endtime="20220404 16:54:45.704"/>
</kw>
<status status="PASS" starttime="20220404 16:54:45.699" endtime="20220404 16:54:45.705"/>
</kw>
<kw name="Authentifier user inexistant" library="loginBack">
<kw name="Create Session" library="RequestsLibrary">
<arg>session4</arg>
<arg>${WEBSITE_LINK}</arg>
<doc>Create Session: create a HTTP session to a server</doc>
<msg timestamp="20220404 16:54:45.706" level="INFO">Creating Session using : alias=session4, url=http://localhost/demo/api/user, headers={},                     cookies={}, auth=None, timeout=None, proxies=None, verify=False,                     debug=0 </msg>
<status status="PASS" starttime="20220404 16:54:45.705" endtime="20220404 16:54:45.706"/>
</kw>
<kw name="GET On Session" library="RequestsLibrary">
<var>${response}</var>
<arg>session4</arg>
<arg>url=login.php?username=${USERNAME}&amp;password=${PASSWORD}</arg>
<doc>Sends a GET request on a previously created HTTP Session.</doc>
<msg timestamp="20220404 16:54:45.715" level="INFO">GET Request : url=http://localhost/demo/api/user/login.php?username=Tryy&amp;password=Try!2001 
 path_url=/demo/api/user/login.php?username=Tryy&amp;password=Try!2001 
 headers={'User-Agent': 'python-requests/2.27.1', 'Accept-Encoding': 'gzip, deflate', 'Accept': '*/*', 'Connection': 'keep-alive'} 
 body=None 
 </msg>
<msg timestamp="20220404 16:54:45.715" level="INFO">GET Response : url=http://localhost/demo/api/user/login.php?username=Tryy&amp;password=Try!2001 
 status=200, reason=OK 
 headers={'Date': 'Mon, 04 Apr 2022 16:54:45 GMT', 'Server': 'Apache/2.4.52 (Win64) OpenSSL/1.1.1m PHP/8.1.4', 'X-Powered-By': 'PHP/8.1.4', 'Content-Length': '58', 'Keep-Alive': 'timeout=5, max=100', 'Connection': 'Keep-Alive', 'Content-Type': 'text/html; charset=UTF-8'} 
 body={"status":false,"message":"Invalid Username or Password!"} 
 </msg>
<msg timestamp="20220404 16:54:45.715" level="INFO">${response} = &lt;Response [200]&gt;</msg>
<status status="PASS" starttime="20220404 16:54:45.706" endtime="20220404 16:54:45.715"/>
</kw>
<kw name="Set Variable" library="BuiltIn">
<var>${json}</var>
<arg>${response.json()}</arg>
<doc>Returns the given values which can then be assigned to a variables.</doc>
<msg timestamp="20220404 16:54:45.715" level="INFO">${json} = {'status': False, 'message': 'Invalid Username or Password!'}</msg>
<status status="PASS" starttime="20220404 16:54:45.715" endtime="20220404 16:54:45.715"/>
</kw>
<kw name="Should Be Equal As Strings" library="BuiltIn">
<arg>${response.status_code}</arg>
<arg>200</arg>
<doc>Fails if objects are unequal after converting them to strings.</doc>
<msg timestamp="20220404 16:54:45.716" level="INFO">Argument types are:
&lt;class 'int'&gt;
&lt;type 'unicode'&gt;</msg>
<status status="PASS" starttime="20220404 16:54:45.715" endtime="20220404 16:54:45.716"/>
</kw>
<kw name="Should Be Equal As Strings" library="BuiltIn">
<arg>${json['message']}</arg>
<arg>Invalid Username or Password!</arg>
<doc>Fails if objects are unequal after converting them to strings.</doc>
<status status="PASS" starttime="20220404 16:54:45.717" endtime="20220404 16:54:45.717"/>
</kw>
<status status="PASS" starttime="20220404 16:54:45.705" endtime="20220404 16:54:45.718"/>
</kw>
<tag>Fourth</tag>
<status status="PASS" starttime="20220404 16:54:45.698" endtime="20220404 16:54:45.719"/>
</test>
<status status="PASS" starttime="20220404 16:54:45.381" endtime="20220404 16:54:45.720"/>
</suite>
<status status="PASS" starttime="20220404 16:54:45.363" endtime="20220404 16:54:45.723"/>
</suite>
<statistics>
<total>
<stat pass="4" fail="0" skip="0">All Tests</stat>
</total>
<tag>
<stat pass="1" fail="0" skip="0">First</stat>
<stat pass="1" fail="0" skip="0">Fourth</stat>
<stat pass="1" fail="0" skip="0">Second</stat>
<stat pass="1" fail="0" skip="0">Third</stat>
</tag>
<suite>
<stat pass="4" fail="0" skip="0" id="s1" name="Tests">Tests</stat>
<stat pass="4" fail="0" skip="0" id="s1-s1" name="Api">Tests.Api</stat>
</suite>
</statistics>
<errors>
</errors>
</robot>
